Using pre-set license
Built from '2022.3/staging' branch; Version is '2022.3.41f1 (0f988161febf) revision 1022081'; Using compiler version '192829333'; Build Type 'Release'
OS: 'Windows 10  (10.0.19045) 64bit Professional' Language: 'en' Physical Memory: 32581 MB
BatchMode: 1, IsHumanControllingUs: 0, StartBugReporterOnCrash: 0, Is64bit: 1, IsPro: 1

COMMAND LINE ARGUMENTS:
C:\Program Files\Unity\Hub\Editor\2022.3.41f1\Editor\Unity.exe
-adb2
-batchMode
-noUpm
-name
AssetImportWorker0
-projectPath
E:/GitHub Projects/GMTK_Jam/GMTK
-logFile
Logs/AssetImportWorker0.log
-srvPort
50324
Successfully changed project path to: E:/GitHub Projects/GMTK_Jam/GMTK
E:/GitHub Projects/GMTK_Jam/GMTK
[UnityMemory] Configuration Parameters - Can be set up in boot.config
    "memorysetup-bucket-allocator-granularity=16"
    "memorysetup-bucket-allocator-bucket-count=8"
    "memorysetup-bucket-allocator-block-size=33554432"
    "memorysetup-bucket-allocator-block-count=8"
    "memorysetup-main-allocator-block-size=16777216"
    "memorysetup-thread-allocator-block-size=16777216"
    "memorysetup-gfx-main-allocator-block-size=16777216"
    "memorysetup-gfx-thread-allocator-block-size=16777216"
    "memorysetup-cache-allocator-block-size=4194304"
    "memorysetup-typetree-allocator-block-size=2097152"
    "memorysetup-profiler-bucket-allocator-granularity=16"
    "memorysetup-profiler-bucket-allocator-bucket-count=8"
    "memorysetup-profiler-bucket-allocator-block-size=33554432"
    "memorysetup-profiler-bucket-allocator-block-count=8"
    "memorysetup-profiler-allocator-block-size=16777216"
    "memorysetup-profiler-editor-allocator-block-size=1048576"
    "memorysetup-temp-allocator-size-main=16777216"
    "memorysetup-job-temp-allocator-block-size=2097152"
    "memorysetup-job-temp-allocator-block-size-background=1048576"
    "memorysetup-job-temp-allocator-reduction-small-platforms=262144"
    "memorysetup-allocator-temp-initial-block-size-main=262144"
    "memorysetup-allocator-temp-initial-block-size-worker=262144"
    "memorysetup-temp-allocator-size-background-worker=32768"
    "memorysetup-temp-allocator-size-job-worker=262144"
    "memorysetup-temp-allocator-size-preload-manager=33554432"
    "memorysetup-temp-allocator-size-nav-mesh-worker=65536"
    "memorysetup-temp-allocator-size-audio-worker=65536"
    "memorysetup-temp-allocator-size-cloud-worker=32768"
    "memorysetup-temp-allocator-size-gi-baking-worker=262144"
    "memorysetup-temp-allocator-size-gfx=262144"
Player connection [10416]  Target information:

Player connection [10416]  * "[IP] 192.168.1.228 [Port] 0 [Flags] 2 [Guid] 1586409766 [EditorId] 1586409766 [Version] 1048832 [Id] WindowsEditor(7,DESKTOP-Q4AB41L) [Debug] 1 [PackageName] WindowsEditor [ProjectName] Editor" 

Player connection [10416] Host joined multi-casting on [225.0.0.222:54997]...
Player connection [10416] Host joined alternative multi-casting on [225.0.0.222:34997]...
[PhysX] Initialized MultithreadedTaskDispatcher with 24 workers.
Refreshing native plugins compatible for Editor in 10.66 ms, found 4 plugins.
Preloading 0 native plugins for Editor in 0.00 ms.
Initialize engine version: 2022.3.41f1 (0f988161febf)
[Subsystems] Discovering subsystems at path C:/Program Files/Unity/Hub/Editor/2022.3.41f1/Editor/Data/Resources/UnitySubsystems
[Subsystems] Discovering subsystems at path E:/GitHub Projects/GMTK_Jam/GMTK/Assets
GfxDevice: creating device client; threaded=0; jobified=0
Direct3D:
    Version:  Direct3D 11.0 [level 11.1]
    Renderer: NVIDIA GeForce RTX 3060 Ti (ID=0x2489)
    Vendor:   NVIDIA
    VRAM:     8024 MB
    Driver:   31.0.15.5186
Initialize mono
Mono path[0] = 'C:/Program Files/Unity/Hub/Editor/2022.3.41f1/Editor/Data/Managed'
Mono path[1] = 'C:/Program Files/Unity/Hub/Editor/2022.3.41f1/Editor/Data/MonoBleedingEdge/lib/mono/unityjit-win32'
Mono config path = 'C:/Program Files/Unity/Hub/Editor/2022.3.41f1/Editor/Data/MonoBleedingEdge/etc'
Using monoOptions --debugger-agent=transport=dt_socket,embedding=1,server=y,suspend=n,address=127.0.0.1:56060
Begin MonoManager ReloadAssembly
Registering precompiled unity dll's ...
Register platform support module: C:/Program Files/Unity/Hub/Editor/2022.3.41f1/Editor/Data/PlaybackEngines/WebGLSupport/UnityEditor.WebGL.Extensions.dll
Register platform support module: C:/Program Files/Unity/Hub/Editor/2022.3.41f1/Editor/Data/PlaybackEngines/WindowsStandaloneSupport/UnityEditor.WindowsStandalone.Extensions.dll
Registered in 0.012148 seconds.
- Loaded All Assemblies, in  0.292 seconds
Native extension for WindowsStandalone target not found
Native extension for WebGL target not found
Mono: successfully reloaded assembly
- Finished resetting the current domain, in  0.230 seconds
Domain Reload Profiling: 520ms
	BeginReloadAssembly (71ms)
		ExecutionOrderSort (0ms)
		DisableScriptedObjects (0ms)
		BackupInstance (0ms)
		ReleaseScriptingObjects (0ms)
		CreateAndSetChildDomain (0ms)
	RebuildCommonClasses (28ms)
	RebuildNativeTypeToScriptingClass (10ms)
	initialDomainReloadingComplete (61ms)
	LoadAllAssembliesAndSetupDomain (120ms)
		LoadAssemblies (71ms)
		RebuildTransferFunctionScriptingTraits (0ms)
		AnalyzeDomain (118ms)
			TypeCache.Refresh (116ms)
				TypeCache.ScanAssembly (104ms)
			ScanForSourceGeneratedMonoScriptInfo (0ms)
			ResolveRequiredComponents (0ms)
	FinalizeReload (230ms)
		ReleaseScriptCaches (0ms)
		RebuildScriptCaches (0ms)
		SetupLoadedEditorAssemblies (191ms)
			LogAssemblyErrors (0ms)
			InitializePlatformSupportModulesInManaged (12ms)
			SetLoadedEditorAssemblies (5ms)
			RefreshPlugins (0ms)
			BeforeProcessingInitializeOnLoad (2ms)
			ProcessInitializeOnLoadAttributes (130ms)
			ProcessInitializeOnLoadMethodAttributes (42ms)
			AfterProcessingInitializeOnLoad (0ms)
			EditorAssembliesLoaded (0ms)
		ExecutionOrderSort2 (0ms)
		AwakeInstancesAfterBackupRestoration (0ms)
========================================================================
Worker process is ready to serve import requests
Caller must complete domain reload
Begin MonoManager ReloadAssembly
- Loaded All Assemblies, in  0.528 seconds
Native extension for WindowsStandalone target not found
Native extension for WebGL target not found
Package Manager log level set to [2]
[Package Manager] Server::EnsureServerProcessIsRunning -- launch failed, reason: Unity was launched with the -noUpm command-line argument
[Package Manager] UpmClient::Send -- Unable to send message (not connected to UPM process).
[Package Manager] Cannot connect to Unity Package Manager local server
Mono: successfully reloaded assembly
- Finished resetting the current domain, in  0.527 seconds
Domain Reload Profiling: 1053ms
	BeginReloadAssembly (112ms)
		ExecutionOrderSort (0ms)
		DisableScriptedObjects (5ms)
		BackupInstance (0ms)
		ReleaseScriptingObjects (0ms)
		CreateAndSetChildDomain (18ms)
	RebuildCommonClasses (28ms)
	RebuildNativeTypeToScriptingClass (10ms)
	initialDomainReloadingComplete (40ms)
	LoadAllAssembliesAndSetupDomain (336ms)
		LoadAssemblies (251ms)
		RebuildTransferFunctionScriptingTraits (0ms)
		AnalyzeDomain (145ms)
			TypeCache.Refresh (121ms)
				TypeCache.ScanAssembly (108ms)
			ScanForSourceGeneratedMonoScriptInfo (18ms)
			ResolveRequiredComponents (5ms)
	FinalizeReload (527ms)
		ReleaseScriptCaches (0ms)
		RebuildScriptCaches (0ms)
		SetupLoadedEditorAssemblies (405ms)
			LogAssemblyErrors (0ms)
			InitializePlatformSupportModulesInManaged (8ms)
			SetLoadedEditorAssemblies (3ms)
			RefreshPlugins (0ms)
			BeforeProcessingInitializeOnLoad (59ms)
			ProcessInitializeOnLoadAttributes (294ms)
			ProcessInitializeOnLoadMethodAttributes (30ms)
			AfterProcessingInitializeOnLoad (10ms)
			EditorAssembliesLoaded (0ms)
		ExecutionOrderSort2 (0ms)
		AwakeInstancesAfterBackupRestoration (6ms)
Launched and connected shader compiler UnityShaderCompiler.exe after 0.03 seconds
Refreshing native plugins compatible for Editor in 3.95 ms, found 4 plugins.
Preloading 0 native plugins for Editor in 0.00 ms.
Unloading 4027 Unused Serialized files (Serialized files now loaded: 0)
Unloading 38 unused Assets / (241.4 KB). Loaded Objects now: 4490.
Memory consumption went from 141.4 MB to 141.2 MB.
Total: 2.797900 ms (FindLiveObjects: 0.267600 ms CreateObjectMapping: 0.085700 ms MarkObjects: 2.275700 ms  DeleteObjects: 0.168100 ms)

AssetImportParameters requested are different than current active one (requested -> active):
  custom:container-demuxer-ogg: 62fdf1f143b41e24485cea50d1cbac27 -> 
  custom:video-decoder-ogg-theora: a1e56fd34408186e4bbccfd4996cb3dc -> 
  custom:framework-win-MediaFoundation: 216162199b28c13a410421893ffa2e32 -> 
  custom:CustomObjectIndexerAttribute: 9a22284fe3817be447336de3de66b15e -> 
  custom:container-demuxer-webm: 4f35f7cbe854078d1ac9338744f61a02 -> 
  custom:container-muxer-webm: aa71ff27fc2769a1b78a27578f13a17b -> 
  custom:video-decoder-webm-vp8: 9c59270c3fd7afecdb556c50c9e8de78 -> 
  custom:SearchIndexIgnoredProperties: e643bd26f0fe6173181afceb89e7c659 -> 
  custom:AudioImporter_EditorPlatform: d09bf68614088b80899f8185d706f6e7 -> 
  custom:video-encoder-webm-vp8: eb34c28f22e8b96e1ab97ce403110664 -> 
  custom:audio-decoder-ogg-vorbis: bf7c407c2cedff20999df2af8eb42d56 -> 
  custom:audio-encoder-webm-vorbis: bf7c407c2cedff20999df2af8eb42d56 -> 
========================================================================
Received Import Request.
  Time since last request: 219493.326174 seconds.
  path: Assets/Tiles
  artifactKey: Guid(8afb26dc2d8ed5442a10c3a260659899) Importer(815301076,1909f56bfc062723c751e8b465ee728b)
Start importing Assets/Tiles using Guid(8afb26dc2d8ed5442a10c3a260659899) Importer(815301076,1909f56bfc062723c751e8b465ee728b) [PhysX] Initialized MultithreadedTaskDispatcher with 24 workers.
 -> (artifact id: '7308ad524d05780c6d52a3149a989202') in 0.002270 seconds
Number of updated asset objects reloaded before import = 0
Number of asset objects unloaded after import = 0
========================================================================
Received Import Request.
  Time since last request: 15.865988 seconds.
  path: Assets/Tiles/Dungeon Tile Set.png
  artifactKey: Guid(2218dd565d3dc5a4aa47efcaba625072) Importer(815301076,1909f56bfc062723c751e8b465ee728b)
Start importing Assets/Tiles/Dungeon Tile Set.png using Guid(2218dd565d3dc5a4aa47efcaba625072) Importer(815301076,1909f56bfc062723c751e8b465ee728b) [PhysX] Initialized MultithreadedTaskDispatcher with 24 workers.
[PhysX] Initialized MultithreadedTaskDispatcher with 24 workers.
 -> (artifact id: 'c2788f7eac3c57e5806b563e7e425d19') in 0.080277 seconds
Number of updated asset objects reloaded before import = 0
Number of asset objects unloaded after import = 3
========================================================================
Received Import Request.
  Time since last request: 120.621323 seconds.
  path: Assets/Tiles/Ground.prefab
  artifactKey: Guid(73a696f7e24610a42b9c5dbfa222149d) Importer(815301076,1909f56bfc062723c751e8b465ee728b)
Start importing Assets/Tiles/Ground.prefab using Guid(73a696f7e24610a42b9c5dbfa222149d) Importer(815301076,1909f56bfc062723c751e8b465ee728b) [PhysX] Initialized MultithreadedTaskDispatcher with 24 workers.
[PhysX] Initialized MultithreadedTaskDispatcher with 24 workers.
 -> (artifact id: '8f4af556fe8056a558814be6ced63514') in 0.054797 seconds
Number of updated asset objects reloaded before import = 0
Number of asset objects unloaded after import = 10
========================================================================
Received Import Request.
  Time since last request: 33.286980 seconds.
  path: Assets/Tiles/Dungeon Tile Set.png
  artifactKey: Guid(2218dd565d3dc5a4aa47efcaba625072) Importer(815301076,1909f56bfc062723c751e8b465ee728b)
Start importing Assets/Tiles/Dungeon Tile Set.png using Guid(2218dd565d3dc5a4aa47efcaba625072) Importer(815301076,1909f56bfc062723c751e8b465ee728b) [PhysX] Initialized MultithreadedTaskDispatcher with 24 workers.
[PhysX] Initialized MultithreadedTaskDispatcher with 24 workers.
 -> (artifact id: '633b8201f7da2f41ed843922c34f2888') in 0.012342 seconds
Number of updated asset objects reloaded before import = 0
Number of asset objects unloaded after import = 2
========================================================================
Received Import Request.
  Time since last request: 72.457517 seconds.
  path: Assets/Tiles/Dungeon Tile Set.png
  artifactKey: Guid(2218dd565d3dc5a4aa47efcaba625072) Importer(815301076,1909f56bfc062723c751e8b465ee728b)
Start importing Assets/Tiles/Dungeon Tile Set.png using Guid(2218dd565d3dc5a4aa47efcaba625072) Importer(815301076,1909f56bfc062723c751e8b465ee728b) [PhysX] Initialized MultithreadedTaskDispatcher with 24 workers.
[PhysX] Initialized MultithreadedTaskDispatcher with 24 workers.
 -> (artifact id: '33a62898589fe1db7e6f8d6f49a6f356') in 0.423943 seconds
Number of updated asset objects reloaded before import = 0
Number of asset objects unloaded after import = 135
========================================================================
Received Prepare
Refreshing native plugins compatible for Editor in 4.06 ms, found 4 plugins.
Preloading 0 native plugins for Editor in 0.00 ms.
Unloading 6 Unused Serialized files (Serialized files now loaded: 0)
Unloading 7 unused Assets / (196.4 KB). Loaded Objects now: 4504.
Memory consumption went from 82.9 MB to 82.7 MB.
Total: 3.449600 ms (FindLiveObjects: 0.266700 ms CreateObjectMapping: 0.089700 ms MarkObjects: 2.968400 ms  DeleteObjects: 0.124000 ms)

Prepare: number of updated asset objects reloaded= 0
AssetImportParameters requested are different than current active one (requested -> active):
  custom:container-demuxer-ogg: 62fdf1f143b41e24485cea50d1cbac27 -> 
  custom:video-decoder-ogg-theora: a1e56fd34408186e4bbccfd4996cb3dc -> 
  custom:framework-win-MediaFoundation: 216162199b28c13a410421893ffa2e32 -> 
  custom:CustomObjectIndexerAttribute: 9a22284fe3817be447336de3de66b15e -> 
  custom:container-demuxer-webm: 4f35f7cbe854078d1ac9338744f61a02 -> 
  custom:container-muxer-webm: aa71ff27fc2769a1b78a27578f13a17b -> 
  custom:video-decoder-webm-vp8: 9c59270c3fd7afecdb556c50c9e8de78 -> 
  custom:SearchIndexIgnoredProperties: e643bd26f0fe6173181afceb89e7c659 -> 
  custom:AudioImporter_EditorPlatform: d09bf68614088b80899f8185d706f6e7 -> 
  custom:video-encoder-webm-vp8: eb34c28f22e8b96e1ab97ce403110664 -> 
  custom:audio-decoder-ogg-vorbis: bf7c407c2cedff20999df2af8eb42d56 -> 
  custom:audio-encoder-webm-vorbis: bf7c407c2cedff20999df2af8eb42d56 -> 
========================================================================
Received Prepare
Refreshing native plugins compatible for Editor in 3.75 ms, found 4 plugins.
Preloading 0 native plugins for Editor in 0.00 ms.
Unloading 7 Unused Serialized files (Serialized files now loaded: 0)
Unloading 7 unused Assets / (198.9 KB). Loaded Objects now: 4504.
Memory consumption went from 83.2 MB to 83.0 MB.
Total: 2.798300 ms (FindLiveObjects: 0.249200 ms CreateObjectMapping: 0.082700 ms MarkObjects: 2.337000 ms  DeleteObjects: 0.128900 ms)

Prepare: number of updated asset objects reloaded= 0
AssetImportParameters requested are different than current active one (requested -> active):
  custom:container-demuxer-ogg: 62fdf1f143b41e24485cea50d1cbac27 -> 
  custom:video-decoder-ogg-theora: a1e56fd34408186e4bbccfd4996cb3dc -> 
  custom:framework-win-MediaFoundation: 216162199b28c13a410421893ffa2e32 -> 
  custom:CustomObjectIndexerAttribute: 9a22284fe3817be447336de3de66b15e -> 
  custom:container-demuxer-webm: 4f35f7cbe854078d1ac9338744f61a02 -> 
  custom:container-muxer-webm: aa71ff27fc2769a1b78a27578f13a17b -> 
  custom:video-decoder-webm-vp8: 9c59270c3fd7afecdb556c50c9e8de78 -> 
  custom:SearchIndexIgnoredProperties: e643bd26f0fe6173181afceb89e7c659 -> 
  custom:AudioImporter_EditorPlatform: d09bf68614088b80899f8185d706f6e7 -> 
  custom:video-encoder-webm-vp8: eb34c28f22e8b96e1ab97ce403110664 -> 
  custom:audio-decoder-ogg-vorbis: bf7c407c2cedff20999df2af8eb42d56 -> 
  custom:audio-encoder-webm-vorbis: bf7c407c2cedff20999df2af8eb42d56 -> 
========================================================================
Received Import Request.
  Time since last request: 82.774477 seconds.
  path: Assets/Tiles/Dungeon Tile Set.png
  artifactKey: Guid(2218dd565d3dc5a4aa47efcaba625072) Importer(815301076,1909f56bfc062723c751e8b465ee728b)
Start importing Assets/Tiles/Dungeon Tile Set.png using Guid(2218dd565d3dc5a4aa47efcaba625072) Importer(815301076,1909f56bfc062723c751e8b465ee728b) [PhysX] Initialized MultithreadedTaskDispatcher with 24 workers.
[PhysX] Initialized MultithreadedTaskDispatcher with 24 workers.
 -> (artifact id: 'f8aba590b8527d5e87003254c12eab86') in 0.139009 seconds
Number of updated asset objects reloaded before import = 0
Number of asset objects unloaded after import = 135
========================================================================
Received Prepare
Caller must complete domain reload
Begin MonoManager ReloadAssembly
- Loaded All Assemblies, in  0.948 seconds
Native extension for WindowsStandalone target not found
Native extension for WebGL target not found
[Package Manager] Server::EnsureServerProcessIsRunning -- launch failed, reason: Unity was launched with the -noUpm command-line argument
[Package Manager] UpmClient::Send -- Unable to send message (not connected to UPM process).
[Package Manager] Cannot connect to Unity Package Manager local server
Mono: successfully reloaded assembly
- Finished resetting the current domain, in  0.622 seconds
Domain Reload Profiling: 1569ms
	BeginReloadAssembly (529ms)
		ExecutionOrderSort (0ms)
		DisableScriptedObjects (385ms)
		BackupInstance (0ms)
		ReleaseScriptingObjects (0ms)
		CreateAndSetChildDomain (33ms)
	RebuildCommonClasses (29ms)
	RebuildNativeTypeToScriptingClass (11ms)
	initialDomainReloadingComplete (31ms)
	LoadAllAssembliesAndSetupDomain (347ms)
		LoadAssemblies (310ms)
		RebuildTransferFunctionScriptingTraits (0ms)
		AnalyzeDomain (118ms)
			TypeCache.Refresh (91ms)
				TypeCache.ScanAssembly (80ms)
			ScanForSourceGeneratedMonoScriptInfo (20ms)
			ResolveRequiredComponents (6ms)
	FinalizeReload (622ms)
		ReleaseScriptCaches (0ms)
		RebuildScriptCaches (0ms)
		SetupLoadedEditorAssemblies (465ms)
			LogAssemblyErrors (0ms)
			InitializePlatformSupportModulesInManaged (10ms)
			SetLoadedEditorAssemblies (4ms)
			RefreshPlugins (0ms)
			BeforeProcessingInitializeOnLoad (73ms)
			ProcessInitializeOnLoadAttributes (333ms)
			ProcessInitializeOnLoadMethodAttributes (34ms)
			AfterProcessingInitializeOnLoad (11ms)
			EditorAssembliesLoaded (0ms)
		ExecutionOrderSort2 (0ms)
		AwakeInstancesAfterBackupRestoration (15ms)
Refreshing native plugins compatible for Editor in 5.09 ms, found 4 plugins.
Preloading 0 native plugins for Editor in 0.00 ms.
Unloading 4021 Unused Serialized files (Serialized files now loaded: 0)
Unloading 25 unused Assets / (213.6 KB). Loaded Objects now: 4508.
Memory consumption went from 144.9 MB to 144.7 MB.
Total: 3.001400 ms (FindLiveObjects: 0.266000 ms CreateObjectMapping: 0.081700 ms MarkObjects: 2.484200 ms  DeleteObjects: 0.168800 ms)

Prepare: number of updated asset objects reloaded= 0
AssetImportParameters requested are different than current active one (requested -> active):
  custom:container-demuxer-ogg: 62fdf1f143b41e24485cea50d1cbac27 -> 
  custom:video-decoder-ogg-theora: a1e56fd34408186e4bbccfd4996cb3dc -> 
  custom:framework-win-MediaFoundation: 216162199b28c13a410421893ffa2e32 -> 
  custom:CustomObjectIndexerAttribute: 9a22284fe3817be447336de3de66b15e -> 
  custom:container-demuxer-webm: 4f35f7cbe854078d1ac9338744f61a02 -> 
  custom:container-muxer-webm: aa71ff27fc2769a1b78a27578f13a17b -> 
  custom:video-decoder-webm-vp8: 9c59270c3fd7afecdb556c50c9e8de78 -> 
  custom:SearchIndexIgnoredProperties: e643bd26f0fe6173181afceb89e7c659 -> 
  custom:AudioImporter_EditorPlatform: d09bf68614088b80899f8185d706f6e7 -> 
  custom:video-encoder-webm-vp8: eb34c28f22e8b96e1ab97ce403110664 -> 
  custom:audio-decoder-ogg-vorbis: bf7c407c2cedff20999df2af8eb42d56 -> 
  custom:audio-encoder-webm-vorbis: bf7c407c2cedff20999df2af8eb42d56 -> 
========================================================================
Received Import Request.
  Time since last request: 347.205165 seconds.
  path: Assets/Tiles/TileSetDungeon
  artifactKey: Guid(627bf85882a0e03448d61f6ec5562511) Importer(815301076,1909f56bfc062723c751e8b465ee728b)
Start importing Assets/Tiles/TileSetDungeon using Guid(627bf85882a0e03448d61f6ec5562511) Importer(815301076,1909f56bfc062723c751e8b465ee728b) [PhysX] Initialized MultithreadedTaskDispatcher with 24 workers.
 -> (artifact id: '6b5c6ddb98e5d67410e2caa6ca37d751') in 0.001804 seconds
Number of updated asset objects reloaded before import = 0
Number of asset objects unloaded after import = 0
========================================================================
Received Import Request.
  Time since last request: 1.532858 seconds.
  path: Assets/Tiles/Dungeon Tile Set_0.asset
  artifactKey: Guid(90bd5e7d24d38fd48ac3bd1a07f457bd) Importer(815301076,1909f56bfc062723c751e8b465ee728b)
Start importing Assets/Tiles/Dungeon Tile Set_0.asset using Guid(90bd5e7d24d38fd48ac3bd1a07f457bd) Importer(815301076,1909f56bfc062723c751e8b465ee728b) [PhysX] Initialized MultithreadedTaskDispatcher with 24 workers.
 -> (artifact id: 'ce0db2c6435e3c229015085295eada39') in 0.045468 seconds
Number of updated asset objects reloaded before import = 0
Number of asset objects unloaded after import = 3
========================================================================
Received Import Request.
  Time since last request: 1.772674 seconds.
  path: Assets/Tiles/Dungeon Tile Set_132.asset
  artifactKey: Guid(13029b6f7306f3b40b87222e68f6471a) Importer(815301076,1909f56bfc062723c751e8b465ee728b)
Start importing Assets/Tiles/Dungeon Tile Set_132.asset using Guid(13029b6f7306f3b40b87222e68f6471a) Importer(815301076,1909f56bfc062723c751e8b465ee728b) [PhysX] Initialized MultithreadedTaskDispatcher with 24 workers.
 -> (artifact id: '6255bf548a01474700d72ef26d241d98') in 0.007937 seconds
Number of updated asset objects reloaded before import = 0
Number of asset objects unloaded after import = 3
========================================================================
Received Import Request.
  Time since last request: 37.098596 seconds.
  path: Assets/Tiles/DungeonRule.asset
  artifactKey: Guid(30e6ec8df3e7f0e47aefbfb7ebd8c54e) Importer(815301076,1909f56bfc062723c751e8b465ee728b)
Start importing Assets/Tiles/DungeonRule.asset using Guid(30e6ec8df3e7f0e47aefbfb7ebd8c54e) Importer(815301076,1909f56bfc062723c751e8b465ee728b) [PhysX] Initialized MultithreadedTaskDispatcher with 24 workers.
 -> (artifact id: 'f4bb585e6e9df33d8071f9ca1e7ae70e') in 0.007503 seconds
Number of updated asset objects reloaded before import = 0
Number of asset objects unloaded after import = 2
========================================================================
Received Import Request.
  Time since last request: 23.800462 seconds.
  path: Assets/Tiles/TileSetDungeon/Dungeon Tile Set_1.asset
  artifactKey: Guid(9e6d951e0b0dd594b8527223e9a80e1a) Importer(815301076,1909f56bfc062723c751e8b465ee728b)
Start importing Assets/Tiles/TileSetDungeon/Dungeon Tile Set_1.asset using Guid(9e6d951e0b0dd594b8527223e9a80e1a) Importer(815301076,1909f56bfc062723c751e8b465ee728b) [PhysX] Initialized MultithreadedTaskDispatcher with 24 workers.
 -> (artifact id: '7084102a5aa4ff4d856bebdfb9cc0927') in 0.012629 seconds
Number of updated asset objects reloaded before import = 0
Number of asset objects unloaded after import = 3
========================================================================
Received Import Request.
  Time since last request: 17.902148 seconds.
  path: Assets/Scenes/SampleScene.unity
  artifactKey: Guid(2cda990e2423bbf4892e6590ba056729) Importer(815301076,1909f56bfc062723c751e8b465ee728b)
Start importing Assets/Scenes/SampleScene.unity using Guid(2cda990e2423bbf4892e6590ba056729) Importer(815301076,1909f56bfc062723c751e8b465ee728b) [PhysX] Initialized MultithreadedTaskDispatcher with 24 workers.
 -> (artifact id: 'cfb5d237ef3c3b4f0aab9a7af4a6995c') in 0.000439 seconds
Number of updated asset objects reloaded before import = 0
Number of asset objects unloaded after import = 0
========================================================================
Received Import Request.
  Time since last request: 7.240105 seconds.
  path: Assets/Tiles/Ground.prefab
  artifactKey: Guid(73a696f7e24610a42b9c5dbfa222149d) Importer(815301076,1909f56bfc062723c751e8b465ee728b)
Start importing Assets/Tiles/Ground.prefab using Guid(73a696f7e24610a42b9c5dbfa222149d) Importer(815301076,1909f56bfc062723c751e8b465ee728b) [PhysX] Initialized MultithreadedTaskDispatcher with 24 workers.
[PhysX] Initialized MultithreadedTaskDispatcher with 24 workers.
 -> (artifact id: '6bbe6f09ac4dc306aeb63d3ef93768bc') in 0.067254 seconds
Number of updated asset objects reloaded before import = 0
Number of asset objects unloaded after import = 277
========================================================================
Received Import Request.
  Time since last request: 62.907126 seconds.
  path: Assets/Tiles/TileSetDungeon/Dungeon Tile Set_2.asset
  artifactKey: Guid(41df8d13b4e4b6e4786f819302e186cd) Importer(815301076,1909f56bfc062723c751e8b465ee728b)
Start importing Assets/Tiles/TileSetDungeon/Dungeon Tile Set_2.asset using Guid(41df8d13b4e4b6e4786f819302e186cd) Importer(815301076,1909f56bfc062723c751e8b465ee728b) [PhysX] Initialized MultithreadedTaskDispatcher with 24 workers.
 -> (artifact id: 'f8e6d2faa6805341ffbe6e5ac743cb32') in 0.010745 seconds
Number of updated asset objects reloaded before import = 0
Number of asset objects unloaded after import = 3
========================================================================
Received Import Request.
  Time since last request: 0.000651 seconds.
  path: Assets/Tiles/TileSetDungeon/Dungeon Tile Set_7.asset
  artifactKey: Guid(eb016e5c58a736249bca543c39b7f0eb) Importer(815301076,1909f56bfc062723c751e8b465ee728b)
Start importing Assets/Tiles/TileSetDungeon/Dungeon Tile Set_7.asset using Guid(eb016e5c58a736249bca543c39b7f0eb) Importer(815301076,1909f56bfc062723c751e8b465ee728b) [PhysX] Initialized MultithreadedTaskDispatcher with 24 workers.
 -> (artifact id: 'dedb83eb0f042eee197d0eb4b5d99cb2') in 0.011654 seconds
Number of updated asset objects reloaded before import = 0
Number of asset objects unloaded after import = 3
========================================================================
Received Import Request.
  Time since last request: 0.000129 seconds.
  path: Assets/Tiles/TileSetDungeon/Dungeon Tile Set_9.asset
  artifactKey: Guid(08aacc632b6d19543a17f4c62dada12f) Importer(815301076,1909f56bfc062723c751e8b465ee728b)
Start importing Assets/Tiles/TileSetDungeon/Dungeon Tile Set_9.asset using Guid(08aacc632b6d19543a17f4c62dada12f) Importer(815301076,1909f56bfc062723c751e8b465ee728b) [PhysX] Initialized MultithreadedTaskDispatcher with 24 workers.
 -> (artifact id: 'dedb433c30f4ff43a65fb8ea46873479') in 0.012295 seconds
Number of updated asset objects reloaded before import = 0
Number of asset objects unloaded after import = 3
========================================================================
Received Import Request.
  Time since last request: 0.000014 seconds.
  path: Assets/Tiles/TileSetDungeon/Dungeon Tile Set_19.asset
  artifactKey: Guid(c959c1ba91d3a7748b5b3853494bd6c8) Importer(815301076,1909f56bfc062723c751e8b465ee728b)
Start importing Assets/Tiles/TileSetDungeon/Dungeon Tile Set_19.asset using Guid(c959c1ba91d3a7748b5b3853494bd6c8) Importer(815301076,1909f56bfc062723c751e8b465ee728b) [PhysX] Initialized MultithreadedTaskDispatcher with 24 workers.
 -> (artifact id: 'bd36457ea9c9eef602426720d8b98e19') in 0.012759 seconds
Number of updated asset objects reloaded before import = 0
Number of asset objects unloaded after import = 3
========================================================================
Received Import Request.
  Time since last request: 0.000017 seconds.
  path: Assets/Tiles/TileSetDungeon/Dungeon Tile Set_10.asset
  artifactKey: Guid(217546419528fa1459155c2f3efe40e7) Importer(815301076,1909f56bfc062723c751e8b465ee728b)
Start importing Assets/Tiles/TileSetDungeon/Dungeon Tile Set_10.asset using Guid(217546419528fa1459155c2f3efe40e7) Importer(815301076,1909f56bfc062723c751e8b465ee728b) [PhysX] Initialized MultithreadedTaskDispatcher with 24 workers.
 -> (artifact id: '7c7c18e63a9f1794d02236e600ea432d') in 0.011871 seconds
Number of updated asset objects reloaded before import = 0
Number of asset objects unloaded after import = 3
========================================================================
Received Import Request.
  Time since last request: 0.000021 seconds.
  path: Assets/Tiles/TileSetDungeon/Dungeon Tile Set_15.asset
  artifactKey: Guid(539fb5a2446d943498fe9d5b33149a54) Importer(815301076,1909f56bfc062723c751e8b465ee728b)
Start importing Assets/Tiles/TileSetDungeon/Dungeon Tile Set_15.asset using Guid(539fb5a2446d943498fe9d5b33149a54) Importer(815301076,1909f56bfc062723c751e8b465ee728b) [PhysX] Initialized MultithreadedTaskDispatcher with 24 workers.
 -> (artifact id: '84d3cb99ee0a7d520928b5fe46793c66') in 0.015374 seconds
Number of updated asset objects reloaded before import = 0
Number of asset objects unloaded after import = 3
========================================================================
Received Import Request.
  Time since last request: 0.000013 seconds.
  path: Assets/Tiles/TileSetDungeon/Dungeon Tile Set_14.asset
  artifactKey: Guid(cfc690a457dccca4d90922130583be05) Importer(815301076,1909f56bfc062723c751e8b465ee728b)
Start importing Assets/Tiles/TileSetDungeon/Dungeon Tile Set_14.asset using Guid(cfc690a457dccca4d90922130583be05) Importer(815301076,1909f56bfc062723c751e8b465ee728b) [PhysX] Initialized MultithreadedTaskDispatcher with 24 workers.
 -> (artifact id: 'c81f4bd3d5070fa81c273f9ccee06218') in 0.011997 seconds
Number of updated asset objects reloaded before import = 0
Number of asset objects unloaded after import = 3
========================================================================
Received Import Request.
  Time since last request: 0.000019 seconds.
  path: Assets/Tiles/TileSetDungeon/Dungeon Tile Set_23.asset
  artifactKey: Guid(45a6cc188996688429f5bece17ac3bd6) Importer(815301076,1909f56bfc062723c751e8b465ee728b)
Start importing Assets/Tiles/TileSetDungeon/Dungeon Tile Set_23.asset using Guid(45a6cc188996688429f5bece17ac3bd6) Importer(815301076,1909f56bfc062723c751e8b465ee728b) [PhysX] Initialized MultithreadedTaskDispatcher with 24 workers.
 -> (artifact id: 'fbb9ffc7d407705bcd020010b2844af4') in 0.012399 seconds
Number of updated asset objects reloaded before import = 0
Number of asset objects unloaded after import = 3
========================================================================
Received Import Request.
  Time since last request: 0.000014 seconds.
  path: Assets/Tiles/TileSetDungeon/Dungeon Tile Set_22.asset
  artifactKey: Guid(c089530ebfa5a2741b8dc88b4ec2a1da) Importer(815301076,1909f56bfc062723c751e8b465ee728b)
Start importing Assets/Tiles/TileSetDungeon/Dungeon Tile Set_22.asset using Guid(c089530ebfa5a2741b8dc88b4ec2a1da) Importer(815301076,1909f56bfc062723c751e8b465ee728b) [PhysX] Initialized MultithreadedTaskDispatcher with 24 workers.
 -> (artifact id: '8af9ee2075855dd9214b82efd3470cc1') in 0.007713 seconds
Number of updated asset objects reloaded before import = 0
Number of asset objects unloaded after import = 3
========================================================================
Received Import Request.
  Time since last request: 0.000013 seconds.
  path: Assets/Tiles/TileSetDungeon/Dungeon Tile Set_5.asset
  artifactKey: Guid(670ce78e4ee5d89498fa238a97c028e9) Importer(815301076,1909f56bfc062723c751e8b465ee728b)
Start importing Assets/Tiles/TileSetDungeon/Dungeon Tile Set_5.asset using Guid(670ce78e4ee5d89498fa238a97c028e9) Importer(815301076,1909f56bfc062723c751e8b465ee728b) [PhysX] Initialized MultithreadedTaskDispatcher with 24 workers.
 -> (artifact id: '2d8c035b7a20b474394e29d8fb265e5d') in 0.007692 seconds
Number of updated asset objects reloaded before import = 0
Number of asset objects unloaded after import = 3
========================================================================
Received Import Request.
  Time since last request: 0.000014 seconds.
  path: Assets/Tiles/TileSetDungeon/Dungeon Tile Set_12.asset
  artifactKey: Guid(35135f74ae01c5e41a30d38f7a3cf616) Importer(815301076,1909f56bfc062723c751e8b465ee728b)
Start importing Assets/Tiles/TileSetDungeon/Dungeon Tile Set_12.asset using Guid(35135f74ae01c5e41a30d38f7a3cf616) Importer(815301076,1909f56bfc062723c751e8b465ee728b) [PhysX] Initialized MultithreadedTaskDispatcher with 24 workers.
 -> (artifact id: '6f86cc75e241df0dbde52bf547f9407c') in 0.009878 seconds
Number of updated asset objects reloaded before import = 0
Number of asset objects unloaded after import = 3
========================================================================
Received Import Request.
  Time since last request: 0.000017 seconds.
  path: Assets/Tiles/TileSetDungeon/Dungeon Tile Set_11.asset
  artifactKey: Guid(888ea019dc747274c92df8d51f6bd46c) Importer(815301076,1909f56bfc062723c751e8b465ee728b)
Start importing Assets/Tiles/TileSetDungeon/Dungeon Tile Set_11.asset using Guid(888ea019dc747274c92df8d51f6bd46c) Importer(815301076,1909f56bfc062723c751e8b465ee728b) [PhysX] Initialized MultithreadedTaskDispatcher with 24 workers.
 -> (artifact id: 'ab8a0a63691fc61cc626917237230772') in 0.008853 seconds
Number of updated asset objects reloaded before import = 0
Number of asset objects unloaded after import = 3
========================================================================
Received Import Request.
  Time since last request: 0.000015 seconds.
  path: Assets/Tiles/TileSetDungeon/Dungeon Tile Set_8.asset
  artifactKey: Guid(f020da8789f25f742881f8024ab5bcd8) Importer(815301076,1909f56bfc062723c751e8b465ee728b)
Start importing Assets/Tiles/TileSetDungeon/Dungeon Tile Set_8.asset using Guid(f020da8789f25f742881f8024ab5bcd8) Importer(815301076,1909f56bfc062723c751e8b465ee728b) [PhysX] Initialized MultithreadedTaskDispatcher with 24 workers.
 -> (artifact id: '6addd5fc10ff620fd8ca359d7883cf18') in 0.008620 seconds
Number of updated asset objects reloaded before import = 0
Number of asset objects unloaded after import = 3
========================================================================
Received Import Request.
  Time since last request: 0.000013 seconds.
  path: Assets/Tiles/TileSetDungeon/Dungeon Tile Set_20.asset
  artifactKey: Guid(e1056756b46d25543a115d4ad68e9ad9) Importer(815301076,1909f56bfc062723c751e8b465ee728b)
Start importing Assets/Tiles/TileSetDungeon/Dungeon Tile Set_20.asset using Guid(e1056756b46d25543a115d4ad68e9ad9) Importer(815301076,1909f56bfc062723c751e8b465ee728b) [PhysX] Initialized MultithreadedTaskDispatcher with 24 workers.
 -> (artifact id: 'f09f5b583c9835a4b620cf580a61452f') in 0.009267 seconds
Number of updated asset objects reloaded before import = 0
Number of asset objects unloaded after import = 3
========================================================================
Received Import Request.
  Time since last request: 0.000017 seconds.
  path: Assets/Tiles/TileSetDungeon/Dungeon Tile Set_13.asset
  artifactKey: Guid(a97bb5ab947abf24da9d044e4b7ac03d) Importer(815301076,1909f56bfc062723c751e8b465ee728b)
Start importing Assets/Tiles/TileSetDungeon/Dungeon Tile Set_13.asset using Guid(a97bb5ab947abf24da9d044e4b7ac03d) Importer(815301076,1909f56bfc062723c751e8b465ee728b) [PhysX] Initialized MultithreadedTaskDispatcher with 24 workers.
 -> (artifact id: '952dc303e281c64abe3b15bfc9b61663') in 0.009438 seconds
Number of updated asset objects reloaded before import = 0
Number of asset objects unloaded after import = 3
========================================================================
Received Import Request.
  Time since last request: 2.504655 seconds.
  path: Assets/Tiles/TileSetDungeon/Dungeon Tile Set_25.asset
  artifactKey: Guid(641d8ffc1bf1df649967a26bf367263c) Importer(815301076,1909f56bfc062723c751e8b465ee728b)
Start importing Assets/Tiles/TileSetDungeon/Dungeon Tile Set_25.asset using Guid(641d8ffc1bf1df649967a26bf367263c) Importer(815301076,1909f56bfc062723c751e8b465ee728b) [PhysX] Initialized MultithreadedTaskDispatcher with 24 workers.
 -> (artifact id: 'de244c586d01ac1c14433cad9ca31a99') in 0.008973 seconds
Number of updated asset objects reloaded before import = 0
Number of asset objects unloaded after import = 3
========================================================================
Received Import Request.
  Time since last request: 0.000014 seconds.
  path: Assets/Tiles/TileSetDungeon/Dungeon Tile Set_27.asset
  artifactKey: Guid(52af3af93aba7df4b9b276083e7b2163) Importer(815301076,1909f56bfc062723c751e8b465ee728b)
Start importing Assets/Tiles/TileSetDungeon/Dungeon Tile Set_27.asset using Guid(52af3af93aba7df4b9b276083e7b2163) Importer(815301076,1909f56bfc062723c751e8b465ee728b) [PhysX] Initialized MultithreadedTaskDispatcher with 24 workers.
 -> (artifact id: 'b9744be91d4d5b3655d4f1ed2a00489c') in 0.008211 seconds
Number of updated asset objects reloaded before import = 0
Number of asset objects unloaded after import = 3
========================================================================
Received Import Request.
  Time since last request: 0.000587 seconds.
  path: Assets/Tiles/TileSetDungeon/Dungeon Tile Set_29.asset
  artifactKey: Guid(a1f42ffe4fec5ab4da3dc945ca5b8ec3) Importer(815301076,1909f56bfc062723c751e8b465ee728b)
Start importing Assets/Tiles/TileSetDungeon/Dungeon Tile Set_29.asset using Guid(a1f42ffe4fec5ab4da3dc945ca5b8ec3) Importer(815301076,1909f56bfc062723c751e8b465ee728b) [PhysX] Initialized MultithreadedTaskDispatcher with 24 workers.
 -> (artifact id: '5d2da2ebf4935d03ff8dd66606f80533') in 0.008641 seconds
Number of updated asset objects reloaded before import = 0
Number of asset objects unloaded after import = 3
========================================================================
Received Import Request.
  Time since last request: 0.000016 seconds.
  path: Assets/Tiles/TileSetDungeon/Dungeon Tile Set_35.asset
  artifactKey: Guid(7ef8f11c20c4cde4ba659fd8ad3d027f) Importer(815301076,1909f56bfc062723c751e8b465ee728b)
Start importing Assets/Tiles/TileSetDungeon/Dungeon Tile Set_35.asset using Guid(7ef8f11c20c4cde4ba659fd8ad3d027f) Importer(815301076,1909f56bfc062723c751e8b465ee728b) [PhysX] Initialized MultithreadedTaskDispatcher with 24 workers.
 -> (artifact id: '3daac00daf12a9d02cad2c3ca92d9b6f') in 0.008667 seconds
Number of updated asset objects reloaded before import = 0
Number of asset objects unloaded after import = 3
========================================================================
Received Import Request.
  Time since last request: 0.000015 seconds.
  path: Assets/Tiles/TileSetDungeon/Dungeon Tile Set_32.asset
  artifactKey: Guid(446495be0837cd543a3d0b94f274aa79) Importer(815301076,1909f56bfc062723c751e8b465ee728b)
Start importing Assets/Tiles/TileSetDungeon/Dungeon Tile Set_32.asset using Guid(446495be0837cd543a3d0b94f274aa79) Importer(815301076,1909f56bfc062723c751e8b465ee728b) [PhysX] Initialized MultithreadedTaskDispatcher with 24 workers.
 -> (artifact id: 'ee9c62b98f401c1d7701790ebb8732dc') in 0.008554 seconds
Number of updated asset objects reloaded before import = 0
Number of asset objects unloaded after import = 3
========================================================================
Received Import Request.
  Time since last request: 0.000018 seconds.
  path: Assets/Tiles/TileSetDungeon/Dungeon Tile Set_38.asset
  artifactKey: Guid(d61b3ed62d4bbf14fa0b8e05cdfd75fc) Importer(815301076,1909f56bfc062723c751e8b465ee728b)
Start importing Assets/Tiles/TileSetDungeon/Dungeon Tile Set_38.asset using Guid(d61b3ed62d4bbf14fa0b8e05cdfd75fc) Importer(815301076,1909f56bfc062723c751e8b465ee728b) [PhysX] Initialized MultithreadedTaskDispatcher with 24 workers.
 -> (artifact id: 'ff4658334a0faf5ed4b1c84b94d59eaa') in 0.008722 seconds
Number of updated asset objects reloaded before import = 0
Number of asset objects unloaded after import = 3
========================================================================
Received Import Request.
  Time since last request: 0.000026 seconds.
  path: Assets/Tiles/TileSetDungeon/Dungeon Tile Set_41.asset
  artifactKey: Guid(9b5e42793e9264a4e965f1994d6ab0d2) Importer(815301076,1909f56bfc062723c751e8b465ee728b)
Start importing Assets/Tiles/TileSetDungeon/Dungeon Tile Set_41.asset using Guid(9b5e42793e9264a4e965f1994d6ab0d2) Importer(815301076,1909f56bfc062723c751e8b465ee728b) [PhysX] Initialized MultithreadedTaskDispatcher with 24 workers.
 -> (artifact id: '97ff733282d95a3f1f4030c2ff3543e5') in 0.009060 seconds
Number of updated asset objects reloaded before import = 0
Number of asset objects unloaded after import = 3
========================================================================
Received Import Request.
  Time since last request: 0.000015 seconds.
  path: Assets/Tiles/TileSetDungeon/Dungeon Tile Set_36.asset
  artifactKey: Guid(1841403dbc41008429b6a461ae74bde5) Importer(815301076,1909f56bfc062723c751e8b465ee728b)
Start importing Assets/Tiles/TileSetDungeon/Dungeon Tile Set_36.asset using Guid(1841403dbc41008429b6a461ae74bde5) Importer(815301076,1909f56bfc062723c751e8b465ee728b) [PhysX] Initialized MultithreadedTaskDispatcher with 24 workers.
 -> (artifact id: '6ce5cf20f638e7b476f9e66b245885b1') in 0.008613 seconds
Number of updated asset objects reloaded before import = 0
Number of asset objects unloaded after import = 3
========================================================================
Received Import Request.
  Time since last request: 0.000014 seconds.
  path: Assets/Tiles/TileSetDungeon/Dungeon Tile Set_40.asset
  artifactKey: Guid(a5ae94b0f4c4e054190910953df3ecf4) Importer(815301076,1909f56bfc062723c751e8b465ee728b)
Start importing Assets/Tiles/TileSetDungeon/Dungeon Tile Set_40.asset using Guid(a5ae94b0f4c4e054190910953df3ecf4) Importer(815301076,1909f56bfc062723c751e8b465ee728b) [PhysX] Initialized MultithreadedTaskDispatcher with 24 workers.
 -> (artifact id: '460d4361dd66403f39a3417ad2afe429') in 0.008624 seconds
Number of updated asset objects reloaded before import = 0
Number of asset objects unloaded after import = 3
========================================================================
Received Import Request.
  Time since last request: 0.000016 seconds.
  path: Assets/Tiles/TileSetDungeon/Dungeon Tile Set_44.asset
  artifactKey: Guid(3c22d51a2cc2642428179cb3a73d65d1) Importer(815301076,1909f56bfc062723c751e8b465ee728b)
Start importing Assets/Tiles/TileSetDungeon/Dungeon Tile Set_44.asset using Guid(3c22d51a2cc2642428179cb3a73d65d1) Importer(815301076,1909f56bfc062723c751e8b465ee728b) [PhysX] Initialized MultithreadedTaskDispatcher with 24 workers.
 -> (artifact id: '5d716fbbf93c8310f495fee472cbbe03') in 0.011008 seconds
Number of updated asset objects reloaded before import = 0
Number of asset objects unloaded after import = 3
========================================================================
Received Import Request.
  Time since last request: 0.132802 seconds.
  path: Assets/Tiles/TileSetDungeon/Dungeon Tile Set_45.asset
  artifactKey: Guid(a1097b14689a4d5449e1a8584c2cb4e8) Importer(815301076,1909f56bfc062723c751e8b465ee728b)
Start importing Assets/Tiles/TileSetDungeon/Dungeon Tile Set_45.asset using Guid(a1097b14689a4d5449e1a8584c2cb4e8) Importer(815301076,1909f56bfc062723c751e8b465ee728b) [PhysX] Initialized MultithreadedTaskDispatcher with 24 workers.
 -> (artifact id: 'e0e69e5e716f70756c0ab3d44a0b26ca') in 0.017150 seconds
Number of updated asset objects reloaded before import = 0
Number of asset objects unloaded after import = 3
========================================================================
Received Import Request.
  Time since last request: 0.000015 seconds.
  path: Assets/Tiles/TileSetDungeon/Dungeon Tile Set_50.asset
  artifactKey: Guid(6a6f504e4ad17c14b809053fe32ec2a4) Importer(815301076,1909f56bfc062723c751e8b465ee728b)
Start importing Assets/Tiles/TileSetDungeon/Dungeon Tile Set_50.asset using Guid(6a6f504e4ad17c14b809053fe32ec2a4) Importer(815301076,1909f56bfc062723c751e8b465ee728b) [PhysX] Initialized MultithreadedTaskDispatcher with 24 workers.
 -> (artifact id: '0ee9b732d8d004b0a3d9891c961aa60f') in 0.009202 seconds
Number of updated asset objects reloaded before import = 0
Number of asset objects unloaded after import = 3
========================================================================
Received Import Request.
  Time since last request: 0.000020 seconds.
  path: Assets/Tiles/TileSetDungeon/Dungeon Tile Set_54.asset
  artifactKey: Guid(b197dea7bd4d97e42b04d2746c9ecb8b) Importer(815301076,1909f56bfc062723c751e8b465ee728b)
Start importing Assets/Tiles/TileSetDungeon/Dungeon Tile Set_54.asset using Guid(b197dea7bd4d97e42b04d2746c9ecb8b) Importer(815301076,1909f56bfc062723c751e8b465ee728b) [PhysX] Initialized MultithreadedTaskDispatcher with 24 workers.
 -> (artifact id: '46d8fd4ac40edbd97f7cf549e7207acb') in 0.008378 seconds
Number of updated asset objects reloaded before import = 0
Number of asset objects unloaded after import = 3
========================================================================
Received Import Request.
  Time since last request: 0.000016 seconds.
  path: Assets/Tiles/TileSetDungeon/Dungeon Tile Set_58.asset
  artifactKey: Guid(eda24ee8162f0984e9fbfbacf2b0f697) Importer(815301076,1909f56bfc062723c751e8b465ee728b)
Start importing Assets/Tiles/TileSetDungeon/Dungeon Tile Set_58.asset using Guid(eda24ee8162f0984e9fbfbacf2b0f697) Importer(815301076,1909f56bfc062723c751e8b465ee728b) [PhysX] Initialized MultithreadedTaskDispatcher with 24 workers.
 -> (artifact id: '49a492629fc3aa5669d7bc102fc475f3') in 0.008190 seconds
Number of updated asset objects reloaded before import = 0
Number of asset objects unloaded after import = 3
========================================================================
Received Import Request.
  Time since last request: 0.000023 seconds.
  path: Assets/Tiles/TileSetDungeon/Dungeon Tile Set_53.asset
  artifactKey: Guid(8f48e13223fd4d54e971ff6dd39be4fc) Importer(815301076,1909f56bfc062723c751e8b465ee728b)
Start importing Assets/Tiles/TileSetDungeon/Dungeon Tile Set_53.asset using Guid(8f48e13223fd4d54e971ff6dd39be4fc) Importer(815301076,1909f56bfc062723c751e8b465ee728b) [PhysX] Initialized MultithreadedTaskDispatcher with 24 workers.
 -> (artifact id: 'e1ac7fcb0f5a6f829671c214c8c51926') in 0.008711 seconds
Number of updated asset objects reloaded before import = 0
Number of asset objects unloaded after import = 3
========================================================================
Received Import Request.
  Time since last request: 0.000015 seconds.
  path: Assets/Tiles/TileSetDungeon/Dungeon Tile Set_62.asset
  artifactKey: Guid(eb3693484e864d24f8dcd7f6b3f2ca6b) Importer(815301076,1909f56bfc062723c751e8b465ee728b)
Start importing Assets/Tiles/TileSetDungeon/Dungeon Tile Set_62.asset using Guid(eb3693484e864d24f8dcd7f6b3f2ca6b) Importer(815301076,1909f56bfc062723c751e8b465ee728b) [PhysX] Initialized MultithreadedTaskDispatcher with 24 workers.
 -> (artifact id: '64e6c80ef7848e2e8825a72a5c7665fa') in 0.008166 seconds
Number of updated asset objects reloaded before import = 0
Number of asset objects unloaded after import = 3
========================================================================
Received Import Request.
  Time since last request: 0.000015 seconds.
  path: Assets/Tiles/TileSetDungeon/Dungeon Tile Set_65.asset
  artifactKey: Guid(d20ba67a34bfc99428efb92311ed939e) Importer(815301076,1909f56bfc062723c751e8b465ee728b)
Start importing Assets/Tiles/TileSetDungeon/Dungeon Tile Set_65.asset using Guid(d20ba67a34bfc99428efb92311ed939e) Importer(815301076,1909f56bfc062723c751e8b465ee728b) [PhysX] Initialized MultithreadedTaskDispatcher with 24 workers.
 -> (artifact id: 'a59a2afe4f4c749e9c4303fe9de7d0a8') in 0.008084 seconds
Number of updated asset objects reloaded before import = 0
Number of asset objects unloaded after import = 3
========================================================================
Received Import Request.
  Time since last request: 0.000016 seconds.
  path: Assets/Tiles/TileSetDungeon/Dungeon Tile Set_67.asset
  artifactKey: Guid(dbfb34e5bc854044d917b9326ab27e7e) Importer(815301076,1909f56bfc062723c751e8b465ee728b)
Start importing Assets/Tiles/TileSetDungeon/Dungeon Tile Set_67.asset using Guid(dbfb34e5bc854044d917b9326ab27e7e) Importer(815301076,1909f56bfc062723c751e8b465ee728b) [PhysX] Initialized MultithreadedTaskDispatcher with 24 workers.
 -> (artifact id: '1de74c12b0e0b0f5ccecd7232eabeae4') in 0.008679 seconds
Number of updated asset objects reloaded before import = 0
Number of asset objects unloaded after import = 3
========================================================================
Received Import Request.
  Time since last request: 0.000016 seconds.
  path: Assets/Tiles/TileSetDungeon/Dungeon Tile Set_70.asset
  artifactKey: Guid(acb2b97c2d365ff4880375c070797965) Importer(815301076,1909f56bfc062723c751e8b465ee728b)
Start importing Assets/Tiles/TileSetDungeon/Dungeon Tile Set_70.asset using Guid(acb2b97c2d365ff4880375c070797965) Importer(815301076,1909f56bfc062723c751e8b465ee728b) [PhysX] Initialized MultithreadedTaskDispatcher with 24 workers.
 -> (artifact id: '29f38116aa6f4aaac0802ae23c94932e') in 0.008794 seconds
Number of updated asset objects reloaded before import = 0
Number of asset objects unloaded after import = 3
========================================================================
Received Import Request.
  Time since last request: 0.000016 seconds.
  path: Assets/Tiles/TileSetDungeon/Dungeon Tile Set_66.asset
  artifactKey: Guid(41997d5b241d16b44bd9a128fad06d89) Importer(815301076,1909f56bfc062723c751e8b465ee728b)
Start importing Assets/Tiles/TileSetDungeon/Dungeon Tile Set_66.asset using Guid(41997d5b241d16b44bd9a128fad06d89) Importer(815301076,1909f56bfc062723c751e8b465ee728b) [PhysX] Initialized MultithreadedTaskDispatcher with 24 workers.
 -> (artifact id: '662401a4d4e35f6893805cfc74d82cfa') in 0.009029 seconds
Number of updated asset objects reloaded before import = 0
Number of asset objects unloaded after import = 3
========================================================================
Received Import Request.
  Time since last request: 0.000015 seconds.
  path: Assets/Tiles/TileSetDungeon/Dungeon Tile Set_59.asset
  artifactKey: Guid(41e27d72d317d7a4591799c5acfa2add) Importer(815301076,1909f56bfc062723c751e8b465ee728b)
Start importing Assets/Tiles/TileSetDungeon/Dungeon Tile Set_59.asset using Guid(41e27d72d317d7a4591799c5acfa2add) Importer(815301076,1909f56bfc062723c751e8b465ee728b) [PhysX] Initialized MultithreadedTaskDispatcher with 24 workers.
 -> (artifact id: 'd546c6a946bcd14c72b78d8cd25b9388') in 0.008422 seconds
Number of updated asset objects reloaded before import = 0
Number of asset objects unloaded after import = 3
========================================================================
Received Import Request.
  Time since last request: 0.000014 seconds.
  path: Assets/Tiles/TileSetDungeon/Dungeon Tile Set_47.asset
  artifactKey: Guid(1df375b1cde3fac45ab329fe7704bf38) Importer(815301076,1909f56bfc062723c751e8b465ee728b)
Start importing Assets/Tiles/TileSetDungeon/Dungeon Tile Set_47.asset using Guid(1df375b1cde3fac45ab329fe7704bf38) Importer(815301076,1909f56bfc062723c751e8b465ee728b) [PhysX] Initialized MultithreadedTaskDispatcher with 24 workers.
 -> (artifact id: '642dccebd3e3ddbb649851fdad204935') in 0.008494 seconds
Number of updated asset objects reloaded before import = 0
Number of asset objects unloaded after import = 3
========================================================================
Received Import Request.
  Time since last request: 0.000014 seconds.
  path: Assets/Tiles/TileSetDungeon/Dungeon Tile Set_61.asset
  artifactKey: Guid(3d4d8df3d37903647906290cbf1a17ef) Importer(815301076,1909f56bfc062723c751e8b465ee728b)
Start importing Assets/Tiles/TileSetDungeon/Dungeon Tile Set_61.asset using Guid(3d4d8df3d37903647906290cbf1a17ef) Importer(815301076,1909f56bfc062723c751e8b465ee728b) [PhysX] Initialized MultithreadedTaskDispatcher with 24 workers.
 -> (artifact id: 'b7cfb92661de2c7100faceacfdc7997f') in 0.008633 seconds
Number of updated asset objects reloaded before import = 0
Number of asset objects unloaded after import = 3
========================================================================
Received Import Request.
  Time since last request: 0.000015 seconds.
  path: Assets/Tiles/TileSetDungeon/Dungeon Tile Set_55.asset
  artifactKey: Guid(c0208b0cf2e91e84194f1f81bb10bc67) Importer(815301076,1909f56bfc062723c751e8b465ee728b)
Start importing Assets/Tiles/TileSetDungeon/Dungeon Tile Set_55.asset using Guid(c0208b0cf2e91e84194f1f81bb10bc67) Importer(815301076,1909f56bfc062723c751e8b465ee728b) [PhysX] Initialized MultithreadedTaskDispatcher with 24 workers.
 -> (artifact id: '5a3a7c8206fdf957551235bf4cd8a863') in 0.008378 seconds
Number of updated asset objects reloaded before import = 0
Number of asset objects unloaded after import = 3
========================================================================
Received Import Request.
  Time since last request: 0.134514 seconds.
  path: Assets/Tiles/TileSetDungeon/Dungeon Tile Set_73.asset
  artifactKey: Guid(d66fc552bb4d5e84ca45443878c92ef1) Importer(815301076,1909f56bfc062723c751e8b465ee728b)
Start importing Assets/Tiles/TileSetDungeon/Dungeon Tile Set_73.asset using Guid(d66fc552bb4d5e84ca45443878c92ef1) Importer(815301076,1909f56bfc062723c751e8b465ee728b) [PhysX] Initialized MultithreadedTaskDispatcher with 24 workers.
 -> (artifact id: '5fbb7bda83e446fe6b27e8bf9ab4b716') in 0.008402 seconds
Number of updated asset objects reloaded before import = 0
Number of asset objects unloaded after import = 3
========================================================================
Received Import Request.
  Time since last request: 0.000013 seconds.
  path: Assets/Tiles/TileSetDungeon/Dungeon Tile Set_80.asset
  artifactKey: Guid(3c9f5951a2f2b9c46aad29afa21bf457) Importer(815301076,1909f56bfc062723c751e8b465ee728b)
Start importing Assets/Tiles/TileSetDungeon/Dungeon Tile Set_80.asset using Guid(3c9f5951a2f2b9c46aad29afa21bf457) Importer(815301076,1909f56bfc062723c751e8b465ee728b) [PhysX] Initialized MultithreadedTaskDispatcher with 24 workers.
 -> (artifact id: '5b1b7a0245db09ee7e52e7d16dc9b495') in 0.008329 seconds
Number of updated asset objects reloaded before import = 0
Number of asset objects unloaded after import = 3
========================================================================
Received Import Request.
  Time since last request: 0.000014 seconds.
  path: Assets/Tiles/TileSetDungeon/Dungeon Tile Set_79.asset
  artifactKey: Guid(f316321282f223244a3c6f6ea3867342) Importer(815301076,1909f56bfc062723c751e8b465ee728b)
Start importing Assets/Tiles/TileSetDungeon/Dungeon Tile Set_79.asset using Guid(f316321282f223244a3c6f6ea3867342) Importer(815301076,1909f56bfc062723c751e8b465ee728b) [PhysX] Initialized MultithreadedTaskDispatcher with 24 workers.
 -> (artifact id: 'c67680721a0a76b7bb75387164e99878') in 0.009806 seconds
Number of updated asset objects reloaded before import = 0
Number of asset objects unloaded after import = 3
========================================================================
Received Import Request.
  Time since last request: 0.000015 seconds.
  path: Assets/Tiles/TileSetDungeon/Dungeon Tile Set_75.asset
  artifactKey: Guid(0a6db2f238b50b045b86cab2caa65467) Importer(815301076,1909f56bfc062723c751e8b465ee728b)
Start importing Assets/Tiles/TileSetDungeon/Dungeon Tile Set_75.asset using Guid(0a6db2f238b50b045b86cab2caa65467) Importer(815301076,1909f56bfc062723c751e8b465ee728b) [PhysX] Initialized MultithreadedTaskDispatcher with 24 workers.
 -> (artifact id: '52b84f86a1172391e9eeb4ff7f6fbfbb') in 0.007998 seconds
Number of updated asset objects reloaded before import = 0
Number of asset objects unloaded after import = 3
========================================================================
Received Import Request.
  Time since last request: 0.000014 seconds.
  path: Assets/Tiles/TileSetDungeon/Dungeon Tile Set_83.asset
  artifactKey: Guid(3d945c34d813dc84caecb51833f4b9a0) Importer(815301076,1909f56bfc062723c751e8b465ee728b)
Start importing Assets/Tiles/TileSetDungeon/Dungeon Tile Set_83.asset using Guid(3d945c34d813dc84caecb51833f4b9a0) Importer(815301076,1909f56bfc062723c751e8b465ee728b) [PhysX] Initialized MultithreadedTaskDispatcher with 24 workers.
 -> (artifact id: '352032b55ded1e67769e2acc73a29a27') in 0.007988 seconds
Number of updated asset objects reloaded before import = 0
Number of asset objects unloaded after import = 3
========================================================================
Received Import Request.
  Time since last request: 0.000013 seconds.
  path: Assets/Tiles/TileSetDungeon/Dungeon Tile Set_86.asset
  artifactKey: Guid(a2b695a940d907d4c8c1bd462484f0ca) Importer(815301076,1909f56bfc062723c751e8b465ee728b)
Start importing Assets/Tiles/TileSetDungeon/Dungeon Tile Set_86.asset using Guid(a2b695a940d907d4c8c1bd462484f0ca) Importer(815301076,1909f56bfc062723c751e8b465ee728b) [PhysX] Initialized MultithreadedTaskDispatcher with 24 workers.
 -> (artifact id: '1452e29828c656f2d9dd9d030aea912b') in 0.008422 seconds
Number of updated asset objects reloaded before import = 0
Number of asset objects unloaded after import = 3
========================================================================
Received Import Request.
  Time since last request: 0.000016 seconds.
  path: Assets/Tiles/TileSetDungeon/Dungeon Tile Set_84.asset
  artifactKey: Guid(1a819fdfb467e644abda2ef03c373727) Importer(815301076,1909f56bfc062723c751e8b465ee728b)
Start importing Assets/Tiles/TileSetDungeon/Dungeon Tile Set_84.asset using Guid(1a819fdfb467e644abda2ef03c373727) Importer(815301076,1909f56bfc062723c751e8b465ee728b) [PhysX] Initialized MultithreadedTaskDispatcher with 24 workers.
 -> (artifact id: '68426eb25d7526e32e7425c045a7820b') in 0.008648 seconds
Number of updated asset objects reloaded before import = 0
Number of asset objects unloaded after import = 3
========================================================================
Received Import Request.
  Time since last request: 0.000015 seconds.
  path: Assets/Tiles/TileSetDungeon/Dungeon Tile Set_88.asset
  artifactKey: Guid(7a491aaef5a334d4f8d1d79c759b5e79) Importer(815301076,1909f56bfc062723c751e8b465ee728b)
Start importing Assets/Tiles/TileSetDungeon/Dungeon Tile Set_88.asset using Guid(7a491aaef5a334d4f8d1d79c759b5e79) Importer(815301076,1909f56bfc062723c751e8b465ee728b) [PhysX] Initialized MultithreadedTaskDispatcher with 24 workers.
 -> (artifact id: '444c72fe9bf449665d1ae3e7ac4258ae') in 0.008935 seconds
Number of updated asset objects reloaded before import = 0
Number of asset objects unloaded after import = 3
========================================================================
Received Import Request.
  Time since last request: 0.200514 seconds.
  path: Assets/Tiles/TileSetDungeon/Dungeon Tile Set_89.asset
  artifactKey: Guid(4d9e3e5302811af418ed00a794f029bd) Importer(815301076,1909f56bfc062723c751e8b465ee728b)
Start importing Assets/Tiles/TileSetDungeon/Dungeon Tile Set_89.asset using Guid(4d9e3e5302811af418ed00a794f029bd) Importer(815301076,1909f56bfc062723c751e8b465ee728b) [PhysX] Initialized MultithreadedTaskDispatcher with 24 workers.
 -> (artifact id: '69fe7c02b3ba6c1b1bcbed08554292f8') in 0.008397 seconds
Number of updated asset objects reloaded before import = 0
Number of asset objects unloaded after import = 3
========================================================================
Received Import Request.
  Time since last request: 0.000013 seconds.
  path: Assets/Tiles/TileSetDungeon/Dungeon Tile Set_91.asset
  artifactKey: Guid(9beceaa9a75373648b1061fbd9aa9ece) Importer(815301076,1909f56bfc062723c751e8b465ee728b)
Start importing Assets/Tiles/TileSetDungeon/Dungeon Tile Set_91.asset using Guid(9beceaa9a75373648b1061fbd9aa9ece) Importer(815301076,1909f56bfc062723c751e8b465ee728b) [PhysX] Initialized MultithreadedTaskDispatcher with 24 workers.
 -> (artifact id: 'ec65cf694df20d47247f76d845da646c') in 0.009650 seconds
Number of updated asset objects reloaded before import = 0
Number of asset objects unloaded after import = 3
========================================================================
Received Import Request.
  Time since last request: 0.000015 seconds.
  path: Assets/Tiles/TileSetDungeon/Dungeon Tile Set_96.asset
  artifactKey: Guid(9e1970c94256dea4197c0a4ec7f1eba8) Importer(815301076,1909f56bfc062723c751e8b465ee728b)
Start importing Assets/Tiles/TileSetDungeon/Dungeon Tile Set_96.asset using Guid(9e1970c94256dea4197c0a4ec7f1eba8) Importer(815301076,1909f56bfc062723c751e8b465ee728b) [PhysX] Initialized MultithreadedTaskDispatcher with 24 workers.
 -> (artifact id: 'b1e0301d80f93ca67dd0dbb80d5471a6') in 0.008512 seconds
Number of updated asset objects reloaded before import = 0
Number of asset objects unloaded after import = 3
========================================================================
Received Import Request.
  Time since last request: 0.000014 seconds.
  path: Assets/Tiles/TileSetDungeon/Dungeon Tile Set_102.asset
  artifactKey: Guid(9f559badbfeb9554fa8d032153a437fe) Importer(815301076,1909f56bfc062723c751e8b465ee728b)
Start importing Assets/Tiles/TileSetDungeon/Dungeon Tile Set_102.asset using Guid(9f559badbfeb9554fa8d032153a437fe) Importer(815301076,1909f56bfc062723c751e8b465ee728b) [PhysX] Initialized MultithreadedTaskDispatcher with 24 workers.
 -> (artifact id: 'ee68b49d61701c53b478ce35225fa554') in 0.008477 seconds
Number of updated asset objects reloaded before import = 0
Number of asset objects unloaded after import = 3
========================================================================
Received Import Request.
  Time since last request: 0.000017 seconds.
  path: Assets/Tiles/TileSetDungeon/Dungeon Tile Set_108.asset
  artifactKey: Guid(2889eab9018eb5c44bfc1f7208df1305) Importer(815301076,1909f56bfc062723c751e8b465ee728b)
Start importing Assets/Tiles/TileSetDungeon/Dungeon Tile Set_108.asset using Guid(2889eab9018eb5c44bfc1f7208df1305) Importer(815301076,1909f56bfc062723c751e8b465ee728b) [PhysX] Initialized MultithreadedTaskDispatcher with 24 workers.
 -> (artifact id: 'e27d1a0c427026ccabff7059b59ee30e') in 0.010123 seconds
Number of updated asset objects reloaded before import = 0
Number of asset objects unloaded after import = 3
========================================================================
Received Import Request.
  Time since last request: 0.000013 seconds.
  path: Assets/Tiles/TileSetDungeon/Dungeon Tile Set_99.asset
  artifactKey: Guid(3a62c1f4874364a4b8cf7b8a4b73c735) Importer(815301076,1909f56bfc062723c751e8b465ee728b)
Start importing Assets/Tiles/TileSetDungeon/Dungeon Tile Set_99.asset using Guid(3a62c1f4874364a4b8cf7b8a4b73c735) Importer(815301076,1909f56bfc062723c751e8b465ee728b) [PhysX] Initialized MultithreadedTaskDispatcher with 24 workers.
 -> (artifact id: '4c1c0cab6c189dc8e819821507ac54db') in 0.008284 seconds
Number of updated asset objects reloaded before import = 0
Number of asset objects unloaded after import = 3
========================================================================
Received Import Request.
  Time since last request: 0.000016 seconds.
  path: Assets/Tiles/TileSetDungeon/Dungeon Tile Set_111.asset
  artifactKey: Guid(f7b872c9007a38c4c94d90bd20c75454) Importer(815301076,1909f56bfc062723c751e8b465ee728b)
Start importing Assets/Tiles/TileSetDungeon/Dungeon Tile Set_111.asset using Guid(f7b872c9007a38c4c94d90bd20c75454) Importer(815301076,1909f56bfc062723c751e8b465ee728b) [PhysX] Initialized MultithreadedTaskDispatcher with 24 workers.
 -> (artifact id: 'd411cd0ba03671f165eba4437cd78328') in 0.009036 seconds
Number of updated asset objects reloaded before import = 0
Number of asset objects unloaded after import = 3
========================================================================
Received Import Request.
  Time since last request: 0.000017 seconds.
  path: Assets/Tiles/TileSetDungeon/Dungeon Tile Set_116.asset
  artifactKey: Guid(51618ed99bbf8234bad7f1ec5cf5f8ef) Importer(815301076,1909f56bfc062723c751e8b465ee728b)
Start importing Assets/Tiles/TileSetDungeon/Dungeon Tile Set_116.asset using Guid(51618ed99bbf8234bad7f1ec5cf5f8ef) Importer(815301076,1909f56bfc062723c751e8b465ee728b) [PhysX] Initialized MultithreadedTaskDispatcher with 24 workers.
 -> (artifact id: '6db71c706952a978f62a2738bdf7f927') in 0.009058 seconds
Number of updated asset objects reloaded before import = 0
Number of asset objects unloaded after import = 3
========================================================================
Received Import Request.
  Time since last request: 0.000018 seconds.
  path: Assets/Tiles/TileSetDungeon/Dungeon Tile Set_115.asset
  artifactKey: Guid(c9813192beace2a4c88bf2c2ca7e36a5) Importer(815301076,1909f56bfc062723c751e8b465ee728b)
Start importing Assets/Tiles/TileSetDungeon/Dungeon Tile Set_115.asset using Guid(c9813192beace2a4c88bf2c2ca7e36a5) Importer(815301076,1909f56bfc062723c751e8b465ee728b) [PhysX] Initialized MultithreadedTaskDispatcher with 24 workers.
 -> (artifact id: 'c75fda4b53a39df66e3e7c71945ee90a') in 0.032228 seconds
Number of updated asset objects reloaded before import = 0
Number of asset objects unloaded after import = 3
========================================================================
Received Import Request.
  Time since last request: 0.000014 seconds.
  path: Assets/Tiles/TileSetDungeon/Dungeon Tile Set_118.asset
  artifactKey: Guid(f16f1efc51fc69a4a808bf663a4b6757) Importer(815301076,1909f56bfc062723c751e8b465ee728b)
Start importing Assets/Tiles/TileSetDungeon/Dungeon Tile Set_118.asset using Guid(f16f1efc51fc69a4a808bf663a4b6757) Importer(815301076,1909f56bfc062723c751e8b465ee728b) [PhysX] Initialized MultithreadedTaskDispatcher with 24 workers.
 -> (artifact id: 'd49607de7576d5c654fffc47f97c95f5') in 0.008296 seconds
Number of updated asset objects reloaded before import = 0
Number of asset objects unloaded after import = 3
========================================================================
Received Import Request.
  Time since last request: 0.000014 seconds.
  path: Assets/Tiles/TileSetDungeon/Dungeon Tile Set_117.asset
  artifactKey: Guid(d86012be44bd38444adc6cf65707a264) Importer(815301076,1909f56bfc062723c751e8b465ee728b)
Start importing Assets/Tiles/TileSetDungeon/Dungeon Tile Set_117.asset using Guid(d86012be44bd38444adc6cf65707a264) Importer(815301076,1909f56bfc062723c751e8b465ee728b) [PhysX] Initialized MultithreadedTaskDispatcher with 24 workers.
 -> (artifact id: 'd636695972699a5389c6758d9f08b1cc') in 0.008271 seconds
Number of updated asset objects reloaded before import = 0
Number of asset objects unloaded after import = 3
========================================================================
Received Import Request.
  Time since last request: 0.000016 seconds.
  path: Assets/Tiles/TileSetDungeon/Dungeon Tile Set_110.asset
  artifactKey: Guid(2e0123418e3eec14f9c9a295e51788bc) Importer(815301076,1909f56bfc062723c751e8b465ee728b)
Start importing Assets/Tiles/TileSetDungeon/Dungeon Tile Set_110.asset using Guid(2e0123418e3eec14f9c9a295e51788bc) Importer(815301076,1909f56bfc062723c751e8b465ee728b) [PhysX] Initialized MultithreadedTaskDispatcher with 24 workers.
 -> (artifact id: '23fb45f83f83f4c5b02029e87dfa0f31') in 0.008233 seconds
Number of updated asset objects reloaded before import = 0
Number of asset objects unloaded after import = 3
========================================================================
Received Import Request.
  Time since last request: 0.000023 seconds.
  path: Assets/Tiles/TileSetDungeon/Dungeon Tile Set_94.asset
  artifactKey: Guid(d3028732f9c24124aba194eb5da068cc) Importer(815301076,1909f56bfc062723c751e8b465ee728b)
Start importing Assets/Tiles/TileSetDungeon/Dungeon Tile Set_94.asset using Guid(d3028732f9c24124aba194eb5da068cc) Importer(815301076,1909f56bfc062723c751e8b465ee728b) [PhysX] Initialized MultithreadedTaskDispatcher with 24 workers.
 -> (artifact id: 'aae632e7ae26c5201046d6e9b604023b') in 0.007764 seconds
Number of updated asset objects reloaded before import = 0
Number of asset objects unloaded after import = 3
========================================================================
Received Import Request.
  Time since last request: 0.000013 seconds.
  path: Assets/Tiles/TileSetDungeon/Dungeon Tile Set_104.asset
  artifactKey: Guid(af4e0bca7b81b334c8cb44ef70051873) Importer(815301076,1909f56bfc062723c751e8b465ee728b)
Start importing Assets/Tiles/TileSetDungeon/Dungeon Tile Set_104.asset using Guid(af4e0bca7b81b334c8cb44ef70051873) Importer(815301076,1909f56bfc062723c751e8b465ee728b) [PhysX] Initialized MultithreadedTaskDispatcher with 24 workers.
 -> (artifact id: '81e230cc9d0194fee922c57dda7e5859') in 0.007322 seconds
Number of updated asset objects reloaded before import = 0
Number of asset objects unloaded after import = 3
========================================================================
Received Import Request.
  Time since last request: 0.000015 seconds.
  path: Assets/Tiles/TileSetDungeon/Dungeon Tile Set_120.asset
  artifactKey: Guid(56e1fb346ca544440aa104dac52d2ddf) Importer(815301076,1909f56bfc062723c751e8b465ee728b)
Start importing Assets/Tiles/TileSetDungeon/Dungeon Tile Set_120.asset using Guid(56e1fb346ca544440aa104dac52d2ddf) Importer(815301076,1909f56bfc062723c751e8b465ee728b) [PhysX] Initialized MultithreadedTaskDispatcher with 24 workers.
 -> (artifact id: 'edba0446e1fc40751e4e676ee316ed08') in 0.007726 seconds
Number of updated asset objects reloaded before import = 0
Number of asset objects unloaded after import = 3
========================================================================
Received Import Request.
  Time since last request: 0.000015 seconds.
  path: Assets/Tiles/TileSetDungeon/Dungeon Tile Set_97.asset
  artifactKey: Guid(19859919bbf4e8e409b284f239b0cbfd) Importer(815301076,1909f56bfc062723c751e8b465ee728b)
Start importing Assets/Tiles/TileSetDungeon/Dungeon Tile Set_97.asset using Guid(19859919bbf4e8e409b284f239b0cbfd) Importer(815301076,1909f56bfc062723c751e8b465ee728b) [PhysX] Initialized MultithreadedTaskDispatcher with 24 workers.
 -> (artifact id: 'be202f63e35f208a2b4dfb4670150d34') in 0.007575 seconds
Number of updated asset objects reloaded before import = 0
Number of asset objects unloaded after import = 3
========================================================================
Received Import Request.
  Time since last request: 0.068643 seconds.
  path: Assets/Tiles/TileSetDungeon/Dungeon Tile Set_121.asset
  artifactKey: Guid(41eeb8cc6da87ac4e903a5fea8126ac2) Importer(815301076,1909f56bfc062723c751e8b465ee728b)
Start importing Assets/Tiles/TileSetDungeon/Dungeon Tile Set_121.asset using Guid(41eeb8cc6da87ac4e903a5fea8126ac2) Importer(815301076,1909f56bfc062723c751e8b465ee728b) [PhysX] Initialized MultithreadedTaskDispatcher with 24 workers.
 -> (artifact id: 'cea1b56add58f6d8cbd9e6a55762d68b') in 0.010427 seconds
Number of updated asset objects reloaded before import = 0
Number of asset objects unloaded after import = 3
========================================================================
Received Import Request.
  Time since last request: 0.000015 seconds.
  path: Assets/Tiles/TileSetDungeon/Dungeon Tile Set_124.asset
  artifactKey: Guid(d3844db8c45d6314f81bc96ec2f5f8c4) Importer(815301076,1909f56bfc062723c751e8b465ee728b)
Start importing Assets/Tiles/TileSetDungeon/Dungeon Tile Set_124.asset using Guid(d3844db8c45d6314f81bc96ec2f5f8c4) Importer(815301076,1909f56bfc062723c751e8b465ee728b) [PhysX] Initialized MultithreadedTaskDispatcher with 24 workers.
 -> (artifact id: 'a500f9536d49c0a59b5d342f94608cfa') in 0.010135 seconds
Number of updated asset objects reloaded before import = 0
Number of asset objects unloaded after import = 3
========================================================================
Received Import Request.
  Time since last request: 0.000014 seconds.
  path: Assets/Tiles/TileSetDungeon/Dungeon Tile Set_127.asset
  artifactKey: Guid(286f1b2e568064b429c353771780a659) Importer(815301076,1909f56bfc062723c751e8b465ee728b)
Start importing Assets/Tiles/TileSetDungeon/Dungeon Tile Set_127.asset using Guid(286f1b2e568064b429c353771780a659) Importer(815301076,1909f56bfc062723c751e8b465ee728b) [PhysX] Initialized MultithreadedTaskDispatcher with 24 workers.
 -> (artifact id: 'acedc9ea31375e483053c4749bf5f084') in 0.009307 seconds
Number of updated asset objects reloaded before import = 0
Number of asset objects unloaded after import = 3
========================================================================
Received Import Request.
  Time since last request: 0.000014 seconds.
  path: Assets/Tiles/TileSetDungeon/Dungeon Tile Set_129.asset
  artifactKey: Guid(edff5e252f4fdef4e8b1d688c5f947b5) Importer(815301076,1909f56bfc062723c751e8b465ee728b)
Start importing Assets/Tiles/TileSetDungeon/Dungeon Tile Set_129.asset using Guid(edff5e252f4fdef4e8b1d688c5f947b5) Importer(815301076,1909f56bfc062723c751e8b465ee728b) [PhysX] Initialized MultithreadedTaskDispatcher with 24 workers.
 -> (artifact id: '7371176073ffed55f6293535e2fb32f3') in 0.008255 seconds
Number of updated asset objects reloaded before import = 0
Number of asset objects unloaded after import = 3
Editor requested this worker to shutdown with reason: Scaling down because of idle timeout
TcpMessagingSession - receive error: operation aborted. errorcode: 995, details: The I/O operation has been aborted because of either a thread exit or an application request.
AssetImportWorker is now disconnected from the server
Process exiting
Exiting without the bug reporter. Application will terminate with return code 0